Determining if the pthread_create exist failed with the following output:
Change Dir: /home/nvidia/AV/build/darknet_ros_msgs/CMakeFiles/CMakeTmp

Run Build Command:"/usr/bin/make" "cmTC_abdc6/fast"
/usr/bin/make -f CMakeFiles/cmTC_abdc6.dir/build.make CMakeFiles/cmTC_abdc6.dir/build
make[1]: Entering directory '/home/nvidia/AV/build/darknet_ros_msgs/CMakeFiles/CMakeTmp'
Building C object CMakeFiles/cmTC_abdc6.dir/CheckSymbolExists.c.o
/usr/bin/cc     -o CMakeFiles/cmTC_abdc6.dir/CheckSymbolExists.c.o   -c /home/nvidia/AV/build/darknet_ros_msgs/CMakeFiles/CMakeTmp/CheckSymbolExists.c
Linking C executable cmTC_abdc6
/usr/bin/cmake -E cmake_link_script CMakeFiles/cmTC_abdc6.dir/link.txt --verbose=1
/usr/bin/cc       CMakeFiles/cmTC_abdc6.dir/CheckSymbolExists.c.o  -o cmTC_abdc6 -rdynamic 
CMakeFiles/cmTC_abdc6.dir/CheckSymbolExists.c.o: In function `main':
CheckSymbolExists.c:(.text+0x14): undefined reference to `pthread_create'
CheckSymbolExists.c:(.text+0x18): undefined reference to `pthread_create'
collect2: error: ld returned 1 exit status
CMakeFiles/cmTC_abdc6.dir/build.make:97: recipe for target 'cmTC_abdc6' failed
make[1]: *** [cmTC_abdc6] Error 1
make[1]: Leaving directory '/home/nvidia/AV/build/darknet_ros_msgs/CMakeFiles/CMakeTmp'
Makefile:126: recipe for target 'cmTC_abdc6/fast' failed
make: *** [cmTC_abdc6/fast] Error 2

File /home/nvidia/AV/build/darknet_ros_msgs/CMakeFiles/CMakeTmp/CheckSymbolExists.c:
/* */
#include <pthread.h>

int main(int argc, char** argv)
{
  (void)argv;
#ifndef pthread_create
  return ((int*)(&pthread_create))[argc];
#else
  (void)argc;
  return 0;
#endif
}

Determining if the function pthread_create exists in the pthreads failed with the following output:
Change Dir: /home/nvidia/AV/build/darknet_ros_msgs/CMakeFiles/CMakeTmp

Run Build Command:"/usr/bin/make" "cmTC_1002e/fast"
/usr/bin/make -f CMakeFiles/cmTC_1002e.dir/build.make CMakeFiles/cmTC_1002e.dir/build
make[1]: Entering directory '/home/nvidia/AV/build/darknet_ros_msgs/CMakeFiles/CMakeTmp'
Building C object CMakeFiles/cmTC_1002e.dir/CheckFunctionExists.c.o
/usr/bin/cc    -DCHECK_FUNCTION_EXISTS=pthread_create   -o CMakeFiles/cmTC_1002e.dir/CheckFunctionExists.c.o   -c /usr/share/cmake-3.5/Modules/CheckFunctionExists.c
Linking C executable cmTC_1002e
/usr/bin/cmake -E cmake_link_script CMakeFiles/cmTC_1002e.dir/link.txt --verbose=1
/usr/bin/cc   -DCHECK_FUNCTION_EXISTS=pthread_create    CMakeFiles/cmTC_1002e.dir/CheckFunctionExists.c.o  -o cmTC_1002e -rdynamic -lpthreads 
/usr/bin/ld: cannot find -lpthreads
collect2: error: ld returned 1 exit status
CMakeFiles/cmTC_1002e.dir/build.make:97: recipe for target 'cmTC_1002e' failed
make[1]: *** [cmTC_1002e] Error 1
make[1]: Leaving directory '/home/nvidia/AV/build/darknet_ros_msgs/CMakeFiles/CMakeTmp'
Makefile:126: recipe for target 'cmTC_1002e/fast' failed
make: *** [cmTC_1002e/fast] Error 2


