Linked: (/home/nvidia/AV/devel/.private/mynt_eye_ros_wrapper/lib/libmynteye_wrapper.so, /home/nvidia/AV/devel/lib/libmynteye_wrapper.so)
Linked: (/home/nvidia/AV/devel/.private/mynt_eye_ros_wrapper/lib/python2.7/dist-packages/mynt_eye_ros_wrapper/__init__.py, /home/nvidia/AV/devel/lib/python2.7/dist-packages/mynt_eye_ros_wrapper/__init__.py)
Linked: (/home/nvidia/AV/devel/.private/mynt_eye_ros_wrapper/lib/python2.7/dist-packages/mynt_eye_ros_wrapper/srv/_GetInfo.py, /home/nvidia/AV/devel/lib/python2.7/dist-packages/mynt_eye_ros_wrapper/srv/_GetInfo.py)
Linked: (/home/nvidia/AV/devel/.private/mynt_eye_ros_wrapper/lib/python2.7/dist-packages/mynt_eye_ros_wrapper/srv/__init__.py, /home/nvidia/AV/devel/lib/python2.7/dist-packages/mynt_eye_ros_wrapper/srv/__init__.py)
Linked: (/home/nvidia/AV/devel/.private/mynt_eye_ros_wrapper/lib/mynt_eye_ros_wrapper/mynteye_wrapper_node, /home/nvidia/AV/devel/lib/mynt_eye_ros_wrapper/mynteye_wrapper_node)
Linked: (/home/nvidia/AV/devel/.private/mynt_eye_ros_wrapper/lib/pkgconfig/mynt_eye_ros_wrapper.pc, /home/nvidia/AV/devel/lib/pkgconfig/mynt_eye_ros_wrapper.pc)
Linked: (/home/nvidia/AV/devel/.private/mynt_eye_ros_wrapper/share/gennodejs/ros/mynt_eye_ros_wrapper/_index.js, /home/nvidia/AV/devel/share/gennodejs/ros/mynt_eye_ros_wrapper/_index.js)
Linked: (/home/nvidia/AV/devel/.private/mynt_eye_ros_wrapper/share/gennodejs/ros/mynt_eye_ros_wrapper/srv/_index.js, /home/nvidia/AV/devel/share/gennodejs/ros/mynt_eye_ros_wrapper/srv/_index.js)
Linked: (/home/nvidia/AV/devel/.private/mynt_eye_ros_wrapper/share/gennodejs/ros/mynt_eye_ros_wrapper/srv/GetInfo.js, /home/nvidia/AV/devel/share/gennodejs/ros/mynt_eye_ros_wrapper/srv/GetInfo.js)
Linked: (/home/nvidia/AV/devel/.private/mynt_eye_ros_wrapper/share/mynt_eye_ros_wrapper/cmake/mynt_eye_ros_wrapper-msg-paths.cmake, /home/nvidia/AV/devel/share/mynt_eye_ros_wrapper/cmake/mynt_eye_ros_wrapper-msg-paths.cmake)
Linked: (/home/nvidia/AV/devel/.private/mynt_eye_ros_wrapper/share/mynt_eye_ros_wrapper/cmake/mynt_eye_ros_wrapper-msg-extras.cmake, /home/nvidia/AV/devel/share/mynt_eye_ros_wrapper/cmake/mynt_eye_ros_wrapper-msg-extras.cmake)
Linked: (/home/nvidia/AV/devel/.private/mynt_eye_ros_wrapper/share/mynt_eye_ros_wrapper/cmake/mynt_eye_ros_wrapperConfig-version.cmake, /home/nvidia/AV/devel/share/mynt_eye_ros_wrapper/cmake/mynt_eye_ros_wrapperConfig-version.cmake)
Linked: (/home/nvidia/AV/devel/.private/mynt_eye_ros_wrapper/share/mynt_eye_ros_wrapper/cmake/mynt_eye_ros_wrapperConfig.cmake, /home/nvidia/AV/devel/share/mynt_eye_ros_wrapper/cmake/mynt_eye_ros_wrapperConfig.cmake)
Linked: (/home/nvidia/AV/devel/.private/mynt_eye_ros_wrapper/share/common-lisp/ros/mynt_eye_ros_wrapper/srv/mynt_eye_ros_wrapper-srv.asd, /home/nvidia/AV/devel/share/common-lisp/ros/mynt_eye_ros_wrapper/srv/mynt_eye_ros_wrapper-srv.asd)
Linked: (/home/nvidia/AV/devel/.private/mynt_eye_ros_wrapper/share/common-lisp/ros/mynt_eye_ros_wrapper/srv/GetInfo.lisp, /home/nvidia/AV/devel/share/common-lisp/ros/mynt_eye_ros_wrapper/srv/GetInfo.lisp)
Linked: (/home/nvidia/AV/devel/.private/mynt_eye_ros_wrapper/share/common-lisp/ros/mynt_eye_ros_wrapper/srv/_package_GetInfo.lisp, /home/nvidia/AV/devel/share/common-lisp/ros/mynt_eye_ros_wrapper/srv/_package_GetInfo.lisp)
Linked: (/home/nvidia/AV/devel/.private/mynt_eye_ros_wrapper/share/common-lisp/ros/mynt_eye_ros_wrapper/srv/_package.lisp, /home/nvidia/AV/devel/share/common-lisp/ros/mynt_eye_ros_wrapper/srv/_package.lisp)
Linked: (/home/nvidia/AV/devel/.private/mynt_eye_ros_wrapper/share/roseus/ros/mynt_eye_ros_wrapper/manifest.l, /home/nvidia/AV/devel/share/roseus/ros/mynt_eye_ros_wrapper/manifest.l)
Linked: (/home/nvidia/AV/devel/.private/mynt_eye_ros_wrapper/share/roseus/ros/mynt_eye_ros_wrapper/srv/GetInfo.l, /home/nvidia/AV/devel/share/roseus/ros/mynt_eye_ros_wrapper/srv/GetInfo.l)
Linked: (/home/nvidia/AV/devel/.private/mynt_eye_ros_wrapper/include/mynt_eye_ros_wrapper/GetInfoRequest.h, /home/nvidia/AV/devel/include/mynt_eye_ros_wrapper/GetInfoRequest.h)
Linked: (/home/nvidia/AV/devel/.private/mynt_eye_ros_wrapper/include/mynt_eye_ros_wrapper/GetInfo.h, /home/nvidia/AV/devel/include/mynt_eye_ros_wrapper/GetInfo.h)
Linked: (/home/nvidia/AV/devel/.private/mynt_eye_ros_wrapper/include/mynt_eye_ros_wrapper/GetInfoResponse.h, /home/nvidia/AV/devel/include/mynt_eye_ros_wrapper/GetInfoResponse.h)
