[35m[1mScanning dependencies of target darknet_ros_msgs_generate_messages_cpp[0m
[  0%] Built target darknet_ros_msgs_generate_messages_cpp
[  2%] [34m[1mBuilding NVCC (Device) object CMakeFiles/darknet_ros_lib.dir/__/__/__/__/darknet/src/darknet_ros_lib_generated_maxpool_layer_kernels.cu.o[0m
[  2%] [34m[1mBuilding NVCC (Device) object CMakeFiles/darknet_ros_lib.dir/__/__/__/__/darknet/src/darknet_ros_lib_generated_crop_layer_kernels.cu.o[0m
[  5%] [34m[1mBuilding NVCC (Device) object CMakeFiles/darknet_ros_lib.dir/__/__/__/__/darknet/src/darknet_ros_lib_generated_avgpool_layer_kernels.cu.o[0m
[  5%] [34m[1mBuilding NVCC (Device) object CMakeFiles/darknet_ros_lib.dir/__/__/__/__/darknet/src/darknet_ros_lib_generated_activation_kernels.cu.o[0m
[  6%] [34m[1mBuilding NVCC (Device) object CMakeFiles/darknet_ros_lib.dir/__/__/__/__/darknet/src/darknet_ros_lib_generated_deconvolutional_kernels.cu.o[0m
[  7%] [34m[1mBuilding NVCC (Device) object CMakeFiles/darknet_ros_lib.dir/__/__/__/__/darknet/src/darknet_ros_lib_generated_blas_kernels.cu.o[0m
[  9%] [34m[1mBuilding NVCC (Device) object CMakeFiles/darknet_ros_lib.dir/__/__/__/__/darknet/src/darknet_ros_lib_generated_dropout_layer_kernels.cu.o[0m
[ 10%] [34m[1mBuilding NVCC (Device) object CMakeFiles/darknet_ros_lib.dir/__/__/__/__/darknet/src/darknet_ros_lib_generated_col2im_kernels.cu.o[0m
[ 11%] [34m[1mBuilding NVCC (Device) object CMakeFiles/darknet_ros_lib.dir/__/__/__/__/darknet/src/darknet_ros_lib_generated_im2col_kernels.cu.o[0m
[ 13%] [34m[1mBuilding NVCC (Device) object CMakeFiles/darknet_ros_lib.dir/__/__/__/__/darknet/src/darknet_ros_lib_generated_convolutional_kernels.cu.o[0m
[35m[1mScanning dependencies of target darknet_ros_lib[0m
[ 15%] [32mBuilding C object CMakeFiles/darknet_ros_lib.dir/src/image_interface.c.o[0m
[ 15%] [32mBuilding CXX object CMakeFiles/darknet_ros_lib.dir/src/YoloObjectDetector.cpp.o[0m
[ 17%] [32mBuilding C object CMakeFiles/darknet_ros_lib.dir/home/nvidia/darknet/src/im2col.c.o[0m
[ 18%] [32mBuilding C object CMakeFiles/darknet_ros_lib.dir/home/nvidia/darknet/src/activation_layer.c.o[0m
[ 19%] [32mBuilding C object CMakeFiles/darknet_ros_lib.dir/home/nvidia/darknet/src/activations.c.o[0m
[ 21%] [32mBuilding C object CMakeFiles/darknet_ros_lib.dir/home/nvidia/darknet/src/image.c.o[0m
[ 22%] [32mBuilding C object CMakeFiles/darknet_ros_lib.dir/home/nvidia/darknet/src/avgpool_layer.c.o[0m
[ 23%] [32mBuilding C object CMakeFiles/darknet_ros_lib.dir/home/nvidia/darknet/src/layer.c.o[0m
[ 25%] [32mBuilding C object CMakeFiles/darknet_ros_lib.dir/home/nvidia/darknet/src/batchnorm_layer.c.o[0m
[ 26%] [32mBuilding C object CMakeFiles/darknet_ros_lib.dir/home/nvidia/darknet/src/list.c.o[0m
[ 27%] [32mBuilding C object CMakeFiles/darknet_ros_lib.dir/home/nvidia/darknet/src/blas.c.o[0m
[ 28%] [32mBuilding C object CMakeFiles/darknet_ros_lib.dir/home/nvidia/darknet/src/local_layer.c.o[0m
[ 30%] [32mBuilding C object CMakeFiles/darknet_ros_lib.dir/home/nvidia/darknet/src/box.c.o[0m
[ 31%] [32mBuilding C object CMakeFiles/darknet_ros_lib.dir/home/nvidia/darknet/src/lstm_layer.c.o[0m
[ 32%] [32mBuilding C object CMakeFiles/darknet_ros_lib.dir/home/nvidia/darknet/src/col2im.c.o[0m
[ 34%] [32mBuilding C object CMakeFiles/darknet_ros_lib.dir/home/nvidia/darknet/src/matrix.c.o[0m
[ 35%] [32mBuilding C object CMakeFiles/darknet_ros_lib.dir/home/nvidia/darknet/src/connected_layer.c.o[0m
[ 36%] [32mBuilding C object CMakeFiles/darknet_ros_lib.dir/home/nvidia/darknet/src/maxpool_layer.c.o[0m
[ 38%] [32mBuilding C object CMakeFiles/darknet_ros_lib.dir/home/nvidia/darknet/src/convolutional_layer.c.o[0m
[ 39%] [32mBuilding C object CMakeFiles/darknet_ros_lib.dir/home/nvidia/darknet/src/network.c.o[0m
[ 40%] [32mBuilding C object CMakeFiles/darknet_ros_lib.dir/home/nvidia/darknet/src/cost_layer.c.o[0m
[ 42%] [32mBuilding C object CMakeFiles/darknet_ros_lib.dir/home/nvidia/darknet/src/normalization_layer.c.o[0m
[ 43%] [32mBuilding C object CMakeFiles/darknet_ros_lib.dir/home/nvidia/darknet/src/crnn_layer.c.o[0m
[ 44%] [32mBuilding C object CMakeFiles/darknet_ros_lib.dir/home/nvidia/darknet/src/option_list.c.o[0m
[ 46%] [32mBuilding C object CMakeFiles/darknet_ros_lib.dir/home/nvidia/darknet/src/crop_layer.c.o[0m
[ 47%] [32mBuilding C object CMakeFiles/darknet_ros_lib.dir/home/nvidia/darknet/src/parser.c.o[0m
[ 48%] [32mBuilding C object CMakeFiles/darknet_ros_lib.dir/home/nvidia/darknet/src/cuda.c.o[0m
[01m[K/home/nvidia/darknet/src/parser.c:[m[K In function ‘[01m[Kload_connected_weights[m[K’:
[01m[K/home/nvidia/darknet/src/parser.c:1100:5:[m[K [01;35m[Kwarning: [m[Kignoring return value of ‘[01m[Kfread[m[K’, declared with attribute warn_unused_result [-Wunused-result]
     fread(l.biases, sizeof(float), l.outputs, fp);
[01;32m[K     ^[m[K
[01m[K/home/nvidia/darknet/src/parser.c:1101:5:[m[K [01;35m[Kwarning: [m[Kignoring return value of ‘[01m[Kfread[m[K’, declared with attribute warn_unused_result [-Wunused-result]
     fread(l.weights, sizeof(float), l.outputs*l.inputs, fp);
[01;32m[K     ^[m[K
[01m[K/home/nvidia/darknet/src/parser.c:1108:9:[m[K [01;35m[Kwarning: [m[Kignoring return value of ‘[01m[Kfread[m[K’, declared with attribute warn_unused_result [-Wunused-result]
         fread(l.scales, sizeof(float), l.outputs, fp);
[01;32m[K         ^[m[K
[01m[K/home/nvidia/darknet/src/parser.c:1109:9:[m[K [01;35m[Kwarning: [m[Kignoring return value of ‘[01m[Kfread[m[K’, declared with attribute warn_unused_result [-Wunused-result]
         fread(l.rolling_mean, sizeof(float), l.outputs, fp);
[01;32m[K         ^[m[K
[01m[K/home/nvidia/darknet/src/parser.c:1110:9:[m[K [01;35m[Kwarning: [m[Kignoring return value of ‘[01m[Kfread[m[K’, declared with attribute warn_unused_result [-Wunused-result]
         fread(l.rolling_variance, sizeof(float), l.outputs, fp);
[01;32m[K         ^[m[K
[01m[K/home/nvidia/darknet/src/parser.c:[m[K In function ‘[01m[Kload_batchnorm_weights[m[K’:
[01m[K/home/nvidia/darknet/src/parser.c:1124:5:[m[K [01;35m[Kwarning: [m[Kignoring return value of ‘[01m[Kfread[m[K’, declared with attribute warn_unused_result [-Wunused-result]
     fread(l.scales, sizeof(float), l.c, fp);
[01;32m[K     ^[m[K
[01m[K/home/nvidia/darknet/src/parser.c:1125:5:[m[K [01;35m[Kwarning: [m[Kignoring return value of ‘[01m[Kfread[m[K’, declared with attribute warn_unused_result [-Wunused-result]
     fread(l.rolling_mean, sizeof(float), l.c, fp);
[01;32m[K     ^[m[K
[01m[K/home/nvidia/darknet/src/parser.c:1126:5:[m[K [01;35m[Kwarning: [m[Kignoring return value of ‘[01m[Kfread[m[K’, declared with attribute warn_unused_result [-Wunused-result]
     fread(l.rolling_variance, sizeof(float), l.c, fp);
[01;32m[K     ^[m[K
[01m[K/home/nvidia/darknet/src/parser.c:[m[K In function ‘[01m[Kload_convolutional_weights_binary[m[K’:
[01m[K/home/nvidia/darknet/src/parser.c:1136:5:[m[K [01;35m[Kwarning: [m[Kignoring return value of ‘[01m[Kfread[m[K’, declared with attribute warn_unused_result [-Wunused-result]
     fread(l.biases, sizeof(float), l.n, fp);
[01;32m[K     ^[m[K
[01m[K/home/nvidia/darknet/src/parser.c:1138:9:[m[K [01;35m[Kwarning: [m[Kignoring return value of ‘[01m[Kfread[m[K’, declared with attribute warn_unused_result [-Wunused-result]
         fread(l.scales, sizeof(float), l.n, fp);
[01;32m[K         ^[m[K
[01m[K/home/nvidia/darknet/src/parser.c:1139:9:[m[K [01;35m[Kwarning: [m[Kignoring return value of ‘[01m[Kfread[m[K’, declared with attribute warn_unused_result [-Wunused-result]
         fread(l.rolling_mean, sizeof(float), l.n, fp);
[01;32m[K         ^[m[K
[01m[K/home/nvidia/darknet/src/parser.c:1140:9:[m[K [01;35m[Kwarning: [m[Kignoring return value of ‘[01m[Kfread[m[K’, declared with attribute warn_unused_result [-Wunused-result]
         fread(l.rolling_variance, sizeof(float), l.n, fp);
[01;32m[K         ^[m[K
[01m[K/home/nvidia/darknet/src/parser.c:1146:9:[m[K [01;35m[Kwarning: [m[Kignoring return value of ‘[01m[Kfread[m[K’, declared with attribute warn_unused_result [-Wunused-result]
         fread(&mean, sizeof(float), 1, fp);
[01;32m[K         ^[m[K
[01m[K/home/nvidia/darknet/src/parser.c:1150:13:[m[K [01;35m[Kwarning: [m[Kignoring return value of ‘[01m[Kfread[m[K’, declared with attribute warn_unused_result [-Wunused-result]
             fread(&c, sizeof(char), 1, fp);
[01;32m[K             ^[m[K
[01m[K/home/nvidia/darknet/src/parser.c:[m[K In function ‘[01m[Kload_convolutional_weights[m[K’:
[01m[K/home/nvidia/darknet/src/parser.c:1172:5:[m[K [01;35m[Kwarning: [m[Kignoring return value of ‘[01m[Kfread[m[K’, declared with attribute warn_unused_result [-Wunused-result]
     fread(l.biases, sizeof(float), l.n, fp);
[01;32m[K     ^[m[K
[01m[K/home/nvidia/darknet/src/parser.c:1174:9:[m[K [01;35m[Kwarning: [m[Kignoring return value of ‘[01m[Kfread[m[K’, declared with attribute warn_unused_result [-Wunused-result]
         fread(l.scales, sizeof(float), l.n, fp);
[01;32m[K         ^[m[K
[01m[K/home/nvidia/darknet/src/parser.c:1175:9:[m[K [01;35m[Kwarning: [m[Kignoring return value of ‘[01m[Kfread[m[K’, declared with attribute warn_unused_result [-Wunused-result]
         fread(l.rolling_mean, sizeof(float), l.n, fp);
[01;32m[K         ^[m[K
[01m[K/home/nvidia/darknet/src/parser.c:1176:9:[m[K [01;35m[Kwarning: [m[Kignoring return value of ‘[01m[Kfread[m[K’, declared with attribute warn_unused_result [-Wunused-result]
         fread(l.rolling_variance, sizeof(float), l.n, fp);
[01;32m[K         ^[m[K
[01m[K/home/nvidia/darknet/src/parser.c:1204:5:[m[K [01;35m[Kwarning: [m[Kignoring return value of ‘[01m[Kfread[m[K’, declared with attribute warn_unused_result [-Wunused-result]
     fread(l.weights, sizeof(float), num, fp);
[01;32m[K     ^[m[K
[01m[K/home/nvidia/darknet/src/parser.c:[m[K In function ‘[01m[Kload_weights_upto[m[K’:
[01m[K/home/nvidia/darknet/src/parser.c:1233:5:[m[K [01;35m[Kwarning: [m[Kignoring return value of ‘[01m[Kfread[m[K’, declared with attribute warn_unused_result [-Wunused-result]
     fread(&major, sizeof(int), 1, fp);
[01;32m[K     ^[m[K
[01m[K/home/nvidia/darknet/src/parser.c:1234:5:[m[K [01;35m[Kwarning: [m[Kignoring return value of ‘[01m[Kfread[m[K’, declared with attribute warn_unused_result [-Wunused-result]
     fread(&minor, sizeof(int), 1, fp);
[01;32m[K     ^[m[K
[01m[K/home/nvidia/darknet/src/parser.c:1235:5:[m[K [01;35m[Kwarning: [m[Kignoring return value of ‘[01m[Kfread[m[K’, declared with attribute warn_unused_result [-Wunused-result]
     fread(&revision, sizeof(int), 1, fp);
[01;32m[K     ^[m[K
[01m[K/home/nvidia/darknet/src/parser.c:1237:9:[m[K [01;35m[Kwarning: [m[Kignoring return value of ‘[01m[Kfread[m[K’, declared with attribute warn_unused_result [-Wunused-result]
         fread(net->seen, sizeof(size_t), 1, fp);
[01;32m[K         ^[m[K
[01m[K/home/nvidia/darknet/src/parser.c:1240:9:[m[K [01;35m[Kwarning: [m[Kignoring return value of ‘[01m[Kfread[m[K’, declared with attribute warn_unused_result [-Wunused-result]
         fread(&iseen, sizeof(int), 1, fp);
[01;32m[K         ^[m[K
[01m[K/home/nvidia/darknet/src/parser.c:1295:13:[m[K [01;35m[Kwarning: [m[Kignoring return value of ‘[01m[Kfread[m[K’, declared with attribute warn_unused_result [-Wunused-result]
             fread(l.biases, sizeof(float), l.outputs, fp);
[01;32m[K             ^[m[K
[01m[K/home/nvidia/darknet/src/parser.c:1296:13:[m[K [01;35m[Kwarning: [m[Kignoring return value of ‘[01m[Kfread[m[K’, declared with attribute warn_unused_result [-Wunused-result]
             fread(l.weights, sizeof(float), size, fp);
[01;32m[K             ^[m[K
[ 50%] [32mBuilding C object CMakeFiles/darknet_ros_lib.dir/home/nvidia/darknet/src/region_layer.c.o[0m
[ 51%] [32mBuilding C object CMakeFiles/darknet_ros_lib.dir/home/nvidia/darknet/src/data.c.o[0m
[01m[K/home/nvidia/darknet/src/data.c:[m[K In function ‘[01m[Kload_regression_labels_paths[m[K’:
[01m[K/home/nvidia/darknet/src/data.c:613:13:[m[K [01;35m[Kwarning: [m[Kignoring return value of ‘[01m[Kfscanf[m[K’, declared with attribute warn_unused_result [-Wunused-result]
             fscanf(file, "%f", &(y.vals[i][j]));
[01;32m[K             ^[m[K
[01m[K/home/nvidia/darknet/src/data.c:[m[K In function ‘[01m[Kload_cifar10_data[m[K’:
[01m[K/home/nvidia/darknet/src/data.c:1436:9:[m[K [01;35m[Kwarning: [m[Kignoring return value of ‘[01m[Kfread[m[K’, declared with attribute warn_unused_result [-Wunused-result]
         fread(bytes, 1, 3073, fp);
[01;32m[K         ^[m[K
[01m[K/home/nvidia/darknet/src/data.c:[m[K In function ‘[01m[Kload_all_cifar10[m[K’:
[01m[K/home/nvidia/darknet/src/data.c:1499:13:[m[K [01;35m[Kwarning: [m[Kignoring return value of ‘[01m[Kfread[m[K’, declared with attribute warn_unused_result [-Wunused-result]
             fread(bytes, 1, 3073, fp);
[01;32m[K             ^[m[K
[ 52%] [32mBuilding C object CMakeFiles/darknet_ros_lib.dir/home/nvidia/darknet/src/reorg_layer.c.o[0m
In file included from [01m[K/home/nvidia/AV/src/darknet_ros-master/darknet_ros/src/YoloObjectDetector.cpp:10:0[m[K:
[01m[K/home/nvidia/AV/src/darknet_ros-master/darknet_ros/include/darknet_ros/YoloObjectDetector.hpp:62:72:[m[K [01;31m[Kerror: [m[Kconflicting declaration of C function ‘[01m[Kvoid show_image_cv(image, const char*, IplImage*)[m[K’
 extern "C" void show_image_cv(image p, const char *name, IplImage *disp);
[01;32m[K                                                                        ^[m[K
In file included from [01m[K/home/nvidia/darknet/src/network.h:6:0[m[K,
                 from [01m[K/home/nvidia/AV/src/darknet_ros-master/darknet_ros/include/darknet_ros/YoloObjectDetector.hpp:49[m[K,
                 from [01m[K/home/nvidia/AV/src/darknet_ros-master/darknet_ros/src/YoloObjectDetector.cpp:10[m[K:
[01m[K/home/nvidia/darknet/src/image.h:20:5:[m[K [01;36m[Knote: [m[Kprevious declaration ‘[01m[Kint show_image_cv(image, const char*, int)[m[K’
 int show_image_cv(image im, const char* name, int ms);
[01;32m[K     ^[m[K
[ 53%] [32mBuilding C object CMakeFiles/darknet_ros_lib.dir/home/nvidia/darknet/src/deconvolutional_layer.c.o[0m
[ 55%] [32mBuilding C object CMakeFiles/darknet_ros_lib.dir/home/nvidia/darknet/src/rnn_layer.c.o[0m
[ 56%] [32mBuilding C object CMakeFiles/darknet_ros_lib.dir/home/nvidia/darknet/src/demo.c.o[0m
[ 57%] [32mBuilding C object CMakeFiles/darknet_ros_lib.dir/home/nvidia/darknet/src/route_layer.c.o[0m
[ 59%] [32mBuilding C object CMakeFiles/darknet_ros_lib.dir/home/nvidia/darknet/src/detection_layer.c.o[0m
[ 60%] [32mBuilding C object CMakeFiles/darknet_ros_lib.dir/home/nvidia/darknet/src/shortcut_layer.c.o[0m
[ 61%] [32mBuilding C object CMakeFiles/darknet_ros_lib.dir/home/nvidia/darknet/src/dropout_layer.c.o[0m
[ 63%] [32mBuilding C object CMakeFiles/darknet_ros_lib.dir/home/nvidia/darknet/src/softmax_layer.c.o[0m
[ 64%] [32mBuilding C object CMakeFiles/darknet_ros_lib.dir/home/nvidia/darknet/src/gemm.c.o[0m
[ 65%] [32mBuilding C object CMakeFiles/darknet_ros_lib.dir/home/nvidia/darknet/src/tree.c.o[0m
[ 67%] [32mBuilding C object CMakeFiles/darknet_ros_lib.dir/home/nvidia/darknet/src/gru_layer.c.o[0m
[ 68%] [32mBuilding C object CMakeFiles/darknet_ros_lib.dir/home/nvidia/darknet/src/utils.c.o[0m
[01m[K/home/nvidia/darknet/src/utils.c:[m[K In function ‘[01m[Kread_file[m[K’:
[01m[K/home/nvidia/darknet/src/utils.c:270:5:[m[K [01;35m[Kwarning: [m[Kignoring return value of ‘[01m[Kfread[m[K’, declared with attribute warn_unused_result [-Wunused-result]
     fread(text, 1, size, fp);
[01;32m[K     ^[m[K
[01m[K/home/nvidia/darknet/src/utils.c:[m[K In function ‘[01m[Kfgetl[m[K’:
[01m[K/home/nvidia/darknet/src/utils.c:358:9:[m[K [01;35m[Kwarning: [m[Kignoring return value of ‘[01m[Kfgets[m[K’, declared with attribute warn_unused_result [-Wunused-result]
         fgets(&line[curr], readsize, fp);
[01;32m[K         ^[m[K
[ 69%] [32mBuilding C object CMakeFiles/darknet_ros_lib.dir/home/nvidia/darknet/src/upsample_layer.c.o[0m
[ 71%] [32mBuilding C object CMakeFiles/darknet_ros_lib.dir/home/nvidia/darknet/src/logistic_layer.c.o[0m
[ 72%] [32mBuilding C object CMakeFiles/darknet_ros_lib.dir/home/nvidia/darknet/src/l2norm_layer.c.o[0m
[ 73%] [32mBuilding C object CMakeFiles/darknet_ros_lib.dir/home/nvidia/darknet/src/yolo_layer.c.o[0m
CMakeFiles/darknet_ros_lib.dir/build.make:132: recipe for target 'CMakeFiles/darknet_ros_lib.dir/src/YoloObjectDetector.cpp.o' failed
make[2]: *** [CMakeFiles/darknet_ros_lib.dir/src/YoloObjectDetector.cpp.o] Error 1
make[2]: *** Waiting for unfinished jobs....
CMakeFiles/Makefile2:1125: recipe for target 'CMakeFiles/darknet_ros_lib.dir/all' failed
make[1]: *** [CMakeFiles/darknet_ros_lib.dir/all] Error 2
Makefile:138: recipe for target 'all' failed
make: *** [all] Error 2
