[36m--[0m Using CATKIN_DEVEL_PREFIX: /home/nvidia/AV/devel/.private/darknet_ros_msgs
[36m--[0m Using CMAKE_PREFIX_PATH: /home/nvidia/AV/devel;/opt/ros/kinetic
[36m--[0m This workspace overlays: /home/nvidia/AV/devel;/opt/ros/kinetic
[36m--[0m Using PYTHON_EXECUTABLE: /usr/bin/python
[36m--[0m Using Debian Python package layout
[36m--[0m Using empy: /usr/bin/empy
[36m--[0m Using CATKIN_ENABLE_TESTING: ON
[36m--[0m Call enable_testing()
[36m--[0m Using CATKIN_TEST_RESULTS_DIR: /home/nvidia/AV/build/darknet_ros_msgs/test_results
[36m--[0m Found gmock sources under '/usr/src/gmock': gmock will be built
[36m--[0m Found gtest sources under '/usr/src/gmock': gtests will be built
[36m--[0m Using Python nosetests: /usr/bin/nosetests-2.7
[36m--[0m catkin 0.7.14
[36m--[0m Using these message generators: gencpp;geneus;genlisp;gennodejs;genpy
[36m--[0m Generating .msg files for action darknet_ros_msgs/CheckForObjects /home/nvidia/AV/src/darknet_ros-master/darknet_ros_msgs/action/CheckForObjects.action
Generating for action CheckForObjects
[36m--[0m darknet_ros_msgs: 9 messages, 0 services
[36m--[0m Configuring done
[36m--[0m Generating done
[36m--[0m Build files have been written to: /home/nvidia/AV/build/darknet_ros_msgs
