Determining if the pthread_create exist failed with the following output:
Change Dir: /home/nvidia/AV/build/catkin_tools_prebuild/CMakeFiles/CMakeTmp

Run Build Command:"/usr/bin/make" "cmTC_90a97/fast"
/usr/bin/make -f CMakeFiles/cmTC_90a97.dir/build.make CMakeFiles/cmTC_90a97.dir/build
make[1]: Entering directory '/home/nvidia/AV/build/catkin_tools_prebuild/CMakeFiles/CMakeTmp'
Building C object CMakeFiles/cmTC_90a97.dir/CheckSymbolExists.c.o
/usr/bin/cc     -o CMakeFiles/cmTC_90a97.dir/CheckSymbolExists.c.o   -c /home/nvidia/AV/build/catkin_tools_prebuild/CMakeFiles/CMakeTmp/CheckSymbolExists.c
Linking C executable cmTC_90a97
/usr/bin/cmake -E cmake_link_script CMakeFiles/cmTC_90a97.dir/link.txt --verbose=1
/usr/bin/cc       CMakeFiles/cmTC_90a97.dir/CheckSymbolExists.c.o  -o cmTC_90a97 -rdynamic 
CMakeFiles/cmTC_90a97.dir/CheckSymbolExists.c.o: In function `main':
CheckSymbolExists.c:(.text+0x14): undefined reference to `pthread_create'
CheckSymbolExists.c:(.text+0x18): undefined reference to `pthread_create'
collect2: error: ld returned 1 exit status
CMakeFiles/cmTC_90a97.dir/build.make:97: recipe for target 'cmTC_90a97' failed
make[1]: *** [cmTC_90a97] Error 1
make[1]: Leaving directory '/home/nvidia/AV/build/catkin_tools_prebuild/CMakeFiles/CMakeTmp'
Makefile:126: recipe for target 'cmTC_90a97/fast' failed
make: *** [cmTC_90a97/fast] Error 2

File /home/nvidia/AV/build/catkin_tools_prebuild/CMakeFiles/CMakeTmp/CheckSymbolExists.c:
/* */
#include <pthread.h>

int main(int argc, char** argv)
{
  (void)argv;
#ifndef pthread_create
  return ((int*)(&pthread_create))[argc];
#else
  (void)argc;
  return 0;
#endif
}

Determining if the function pthread_create exists in the pthreads failed with the following output:
Change Dir: /home/nvidia/AV/build/catkin_tools_prebuild/CMakeFiles/CMakeTmp

Run Build Command:"/usr/bin/make" "cmTC_62573/fast"
/usr/bin/make -f CMakeFiles/cmTC_62573.dir/build.make CMakeFiles/cmTC_62573.dir/build
make[1]: Entering directory '/home/nvidia/AV/build/catkin_tools_prebuild/CMakeFiles/CMakeTmp'
Building C object CMakeFiles/cmTC_62573.dir/CheckFunctionExists.c.o
/usr/bin/cc    -DCHECK_FUNCTION_EXISTS=pthread_create   -o CMakeFiles/cmTC_62573.dir/CheckFunctionExists.c.o   -c /usr/share/cmake-3.5/Modules/CheckFunctionExists.c
Linking C executable cmTC_62573
/usr/bin/cmake -E cmake_link_script CMakeFiles/cmTC_62573.dir/link.txt --verbose=1
/usr/bin/cc   -DCHECK_FUNCTION_EXISTS=pthread_create    CMakeFiles/cmTC_62573.dir/CheckFunctionExists.c.o  -o cmTC_62573 -rdynamic -lpthreads 
/usr/bin/ld: cannot find -lpthreads
collect2: error: ld returned 1 exit status
CMakeFiles/cmTC_62573.dir/build.make:97: recipe for target 'cmTC_62573' failed
make[1]: *** [cmTC_62573] Error 1
make[1]: Leaving directory '/home/nvidia/AV/build/catkin_tools_prebuild/CMakeFiles/CMakeTmp'
Makefile:126: recipe for target 'cmTC_62573/fast' failed
make: *** [cmTC_62573/fast] Error 2


