Determining if the pthread_create exist failed with the following output:
Change Dir: /home/nvidia/AV/build/orb_slam2_ros/CMakeFiles/CMakeTmp

Run Build Command:"/usr/bin/make" "cmTC_c134b/fast"
/usr/bin/make -f CMakeFiles/cmTC_c134b.dir/build.make CMakeFiles/cmTC_c134b.dir/build
make[1]: Entering directory '/home/nvidia/AV/build/orb_slam2_ros/CMakeFiles/CMakeTmp'
Building C object CMakeFiles/cmTC_c134b.dir/CheckSymbolExists.c.o
/usr/bin/cc     -o CMakeFiles/cmTC_c134b.dir/CheckSymbolExists.c.o   -c /home/nvidia/AV/build/orb_slam2_ros/CMakeFiles/CMakeTmp/CheckSymbolExists.c
Linking C executable cmTC_c134b
/usr/bin/cmake -E cmake_link_script CMakeFiles/cmTC_c134b.dir/link.txt --verbose=1
/usr/bin/cc       CMakeFiles/cmTC_c134b.dir/CheckSymbolExists.c.o  -o cmTC_c134b -rdynamic 
CMakeFiles/cmTC_c134b.dir/CheckSymbolExists.c.o: In function `main':
CheckSymbolExists.c:(.text+0x14): undefined reference to `pthread_create'
CheckSymbolExists.c:(.text+0x18): undefined reference to `pthread_create'
collect2: error: ld returned 1 exit status
CMakeFiles/cmTC_c134b.dir/build.make:97: recipe for target 'cmTC_c134b' failed
make[1]: *** [cmTC_c134b] Error 1
make[1]: Leaving directory '/home/nvidia/AV/build/orb_slam2_ros/CMakeFiles/CMakeTmp'
Makefile:126: recipe for target 'cmTC_c134b/fast' failed
make: *** [cmTC_c134b/fast] Error 2

File /home/nvidia/AV/build/orb_slam2_ros/CMakeFiles/CMakeTmp/CheckSymbolExists.c:
/* */
#include <pthread.h>

int main(int argc, char** argv)
{
  (void)argv;
#ifndef pthread_create
  return ((int*)(&pthread_create))[argc];
#else
  (void)argc;
  return 0;
#endif
}

Determining if the function pthread_create exists in the pthreads failed with the following output:
Change Dir: /home/nvidia/AV/build/orb_slam2_ros/CMakeFiles/CMakeTmp

Run Build Command:"/usr/bin/make" "cmTC_72aad/fast"
/usr/bin/make -f CMakeFiles/cmTC_72aad.dir/build.make CMakeFiles/cmTC_72aad.dir/build
make[1]: Entering directory '/home/nvidia/AV/build/orb_slam2_ros/CMakeFiles/CMakeTmp'
Building C object CMakeFiles/cmTC_72aad.dir/CheckFunctionExists.c.o
/usr/bin/cc    -DCHECK_FUNCTION_EXISTS=pthread_create   -o CMakeFiles/cmTC_72aad.dir/CheckFunctionExists.c.o   -c /usr/share/cmake-3.5/Modules/CheckFunctionExists.c
Linking C executable cmTC_72aad
/usr/bin/cmake -E cmake_link_script CMakeFiles/cmTC_72aad.dir/link.txt --verbose=1
/usr/bin/cc   -DCHECK_FUNCTION_EXISTS=pthread_create    CMakeFiles/cmTC_72aad.dir/CheckFunctionExists.c.o  -o cmTC_72aad -rdynamic -lpthreads 
/usr/bin/ld: cannot find -lpthreads
collect2: error: ld returned 1 exit status
CMakeFiles/cmTC_72aad.dir/build.make:97: recipe for target 'cmTC_72aad' failed
make[1]: *** [cmTC_72aad] Error 1
make[1]: Leaving directory '/home/nvidia/AV/build/orb_slam2_ros/CMakeFiles/CMakeTmp'
Makefile:126: recipe for target 'cmTC_72aad/fast' failed
make: *** [cmTC_72aad/fast] Error 2


