Determining if the pthread_create exist failed with the following output:
Change Dir: /home/nvidia/AV/build/pointcloud_to_laserscan/CMakeFiles/CMakeTmp

Run Build Command:"/usr/bin/make" "cmTC_70756/fast"
/usr/bin/make -f CMakeFiles/cmTC_70756.dir/build.make CMakeFiles/cmTC_70756.dir/build
make[1]: Entering directory '/home/nvidia/AV/build/pointcloud_to_laserscan/CMakeFiles/CMakeTmp'
Building C object CMakeFiles/cmTC_70756.dir/CheckSymbolExists.c.o
/usr/bin/cc     -o CMakeFiles/cmTC_70756.dir/CheckSymbolExists.c.o   -c /home/nvidia/AV/build/pointcloud_to_laserscan/CMakeFiles/CMakeTmp/CheckSymbolExists.c
Linking C executable cmTC_70756
/usr/bin/cmake -E cmake_link_script CMakeFiles/cmTC_70756.dir/link.txt --verbose=1
/usr/bin/cc       CMakeFiles/cmTC_70756.dir/CheckSymbolExists.c.o  -o cmTC_70756 -rdynamic 
CMakeFiles/cmTC_70756.dir/CheckSymbolExists.c.o: In function `main':
CheckSymbolExists.c:(.text+0x14): undefined reference to `pthread_create'
CheckSymbolExists.c:(.text+0x18): undefined reference to `pthread_create'
collect2: error: ld returned 1 exit status
CMakeFiles/cmTC_70756.dir/build.make:97: recipe for target 'cmTC_70756' failed
make[1]: *** [cmTC_70756] Error 1
make[1]: Leaving directory '/home/nvidia/AV/build/pointcloud_to_laserscan/CMakeFiles/CMakeTmp'
Makefile:126: recipe for target 'cmTC_70756/fast' failed
make: *** [cmTC_70756/fast] Error 2

File /home/nvidia/AV/build/pointcloud_to_laserscan/CMakeFiles/CMakeTmp/CheckSymbolExists.c:
/* */
#include <pthread.h>

int main(int argc, char** argv)
{
  (void)argv;
#ifndef pthread_create
  return ((int*)(&pthread_create))[argc];
#else
  (void)argc;
  return 0;
#endif
}

Determining if the function pthread_create exists in the pthreads failed with the following output:
Change Dir: /home/nvidia/AV/build/pointcloud_to_laserscan/CMakeFiles/CMakeTmp

Run Build Command:"/usr/bin/make" "cmTC_eb7ba/fast"
/usr/bin/make -f CMakeFiles/cmTC_eb7ba.dir/build.make CMakeFiles/cmTC_eb7ba.dir/build
make[1]: Entering directory '/home/nvidia/AV/build/pointcloud_to_laserscan/CMakeFiles/CMakeTmp'
Building C object CMakeFiles/cmTC_eb7ba.dir/CheckFunctionExists.c.o
/usr/bin/cc    -DCHECK_FUNCTION_EXISTS=pthread_create   -o CMakeFiles/cmTC_eb7ba.dir/CheckFunctionExists.c.o   -c /usr/share/cmake-3.5/Modules/CheckFunctionExists.c
Linking C executable cmTC_eb7ba
/usr/bin/cmake -E cmake_link_script CMakeFiles/cmTC_eb7ba.dir/link.txt --verbose=1
/usr/bin/cc   -DCHECK_FUNCTION_EXISTS=pthread_create    CMakeFiles/cmTC_eb7ba.dir/CheckFunctionExists.c.o  -o cmTC_eb7ba -rdynamic -lpthreads 
/usr/bin/ld: cannot find -lpthreads
collect2: error: ld returned 1 exit status
CMakeFiles/cmTC_eb7ba.dir/build.make:97: recipe for target 'cmTC_eb7ba' failed
make[1]: *** [cmTC_eb7ba] Error 1
make[1]: Leaving directory '/home/nvidia/AV/build/pointcloud_to_laserscan/CMakeFiles/CMakeTmp'
Makefile:126: recipe for target 'cmTC_eb7ba/fast' failed
make: *** [cmTC_eb7ba/fast] Error 2


