Determining if the pthread_create exist failed with the following output:
Change Dir: /home/nvidia/AV/build/mynt_eye_ros_wrapper/CMakeFiles/CMakeTmp

Run Build Command:"/usr/bin/make" "cmTC_da9ba/fast"
/usr/bin/make -f CMakeFiles/cmTC_da9ba.dir/build.make CMakeFiles/cmTC_da9ba.dir/build
make[1]: Entering directory '/home/nvidia/AV/build/mynt_eye_ros_wrapper/CMakeFiles/CMakeTmp'
Building C object CMakeFiles/cmTC_da9ba.dir/CheckSymbolExists.c.o
/usr/bin/cc     -o CMakeFiles/cmTC_da9ba.dir/CheckSymbolExists.c.o   -c /home/nvidia/AV/build/mynt_eye_ros_wrapper/CMakeFiles/CMakeTmp/CheckSymbolExists.c
Linking C executable cmTC_da9ba
/usr/bin/cmake -E cmake_link_script CMakeFiles/cmTC_da9ba.dir/link.txt --verbose=1
/usr/bin/cc       CMakeFiles/cmTC_da9ba.dir/CheckSymbolExists.c.o  -o cmTC_da9ba -rdynamic 
CMakeFiles/cmTC_da9ba.dir/CheckSymbolExists.c.o: In function `main':
CheckSymbolExists.c:(.text+0x14): undefined reference to `pthread_create'
CheckSymbolExists.c:(.text+0x18): undefined reference to `pthread_create'
collect2: error: ld returned 1 exit status
CMakeFiles/cmTC_da9ba.dir/build.make:97: recipe for target 'cmTC_da9ba' failed
make[1]: *** [cmTC_da9ba] Error 1
make[1]: Leaving directory '/home/nvidia/AV/build/mynt_eye_ros_wrapper/CMakeFiles/CMakeTmp'
Makefile:126: recipe for target 'cmTC_da9ba/fast' failed
make: *** [cmTC_da9ba/fast] Error 2

File /home/nvidia/AV/build/mynt_eye_ros_wrapper/CMakeFiles/CMakeTmp/CheckSymbolExists.c:
/* */
#include <pthread.h>

int main(int argc, char** argv)
{
  (void)argv;
#ifndef pthread_create
  return ((int*)(&pthread_create))[argc];
#else
  (void)argc;
  return 0;
#endif
}

Determining if the function pthread_create exists in the pthreads failed with the following output:
Change Dir: /home/nvidia/AV/build/mynt_eye_ros_wrapper/CMakeFiles/CMakeTmp

Run Build Command:"/usr/bin/make" "cmTC_3adf0/fast"
/usr/bin/make -f CMakeFiles/cmTC_3adf0.dir/build.make CMakeFiles/cmTC_3adf0.dir/build
make[1]: Entering directory '/home/nvidia/AV/build/mynt_eye_ros_wrapper/CMakeFiles/CMakeTmp'
Building C object CMakeFiles/cmTC_3adf0.dir/CheckFunctionExists.c.o
/usr/bin/cc    -DCHECK_FUNCTION_EXISTS=pthread_create   -o CMakeFiles/cmTC_3adf0.dir/CheckFunctionExists.c.o   -c /usr/share/cmake-3.5/Modules/CheckFunctionExists.c
Linking C executable cmTC_3adf0
/usr/bin/cmake -E cmake_link_script CMakeFiles/cmTC_3adf0.dir/link.txt --verbose=1
/usr/bin/cc   -DCHECK_FUNCTION_EXISTS=pthread_create    CMakeFiles/cmTC_3adf0.dir/CheckFunctionExists.c.o  -o cmTC_3adf0 -rdynamic -lpthreads 
/usr/bin/ld: cannot find -lpthreads
collect2: error: ld returned 1 exit status
CMakeFiles/cmTC_3adf0.dir/build.make:97: recipe for target 'cmTC_3adf0' failed
make[1]: *** [cmTC_3adf0] Error 1
make[1]: Leaving directory '/home/nvidia/AV/build/mynt_eye_ros_wrapper/CMakeFiles/CMakeTmp'
Makefile:126: recipe for target 'cmTC_3adf0/fast' failed
make: *** [cmTC_3adf0/fast] Error 2


